00:00:00.218266 VirtualBox GUI VM Selector Window 7.1.4_Gentoo r165100 linux.amd64 (Oct 22 2024 22:48:10) release log
00:00:00.218268 Log opened 2024-10-23T04:44:02.301391000Z
00:00:00.218268 Build Type: release
00:00:00.218270 OS Product: Linux
00:00:00.218271 OS Release: 6.11.4-gentoo-dist
00:00:00.218272 OS Version: #1 SMP PREEMPT_DYNAMIC Thu Oct 17 15:00:34 -00 2024
00:00:00.218296 DMI Product Name: 4177QKU
00:00:00.218304 DMI Product Version: ThinkPad T420
00:00:00.218311 Firmware type: BIOS
00:00:00.218344 Host RAM: 15939MB (15.5GB) total, 15503MB (15.1GB) available
00:00:00.218347 Executable: /usr/lib64/virtualbox/VirtualBox
00:00:00.218347 Process ID: 3288
00:00:00.218347 Package type: LINUX_64BITS_GENERIC (OSE)
00:00:00.218371 Qt version: 6.7.3
00:00:00.218852 GUI: UIMediumEnumerator: Initial medium-enumeration finished!
00:00:00.224132 GUI: UIMediumEnumerator: Medium-enumeration started...
00:00:00.797079 GUI: UIMediumEnumerator: Medium-enumeration finished!
00:00:00.800538 GUI: UIDesktopWidgetWatchdog::sltHandleHostScreenAvailableGeometryCalculated: Screen 0 work area is actually resized to: 0x0 x 1600x900
00:00:06.118557 QDBus error. No screen saver service found among registered DBus services.QDBus error. No screen saver service found among registered DBus services.GUI: UIMediumEnumerator: Medium with key={{c717cf00-8444-4ca2-98e4-739fad34a312}} created
00:04:15.252585 GUI: UIMediumEnumerator: Medium-enumeration finished!
00:39:50.859758 GUI: UIMediumEnumerator: Medium with key={{b01ba941-776b-40b3-a445-9e47738ad295}} created
00:39:50.939105 GUI: UIMediumEnumerator: Medium-enumeration finished!
00:40:00.815660 GUI: UIMediumEnumerator: Medium-enumeration finished!
00:40:28.588610 GUI: UIMediumEnumerator: Medium-enumeration finished!
00:41:16.296040 GUI: UIMediumEnumerator: Medium-enumeration finished!
